529
7 31 51
7 42 61
14 41 48
16 32 61
21 26 68
4 26 64
18 32 51
15 27 46
18 38 58
20 25 50
0 23 51
12 37 68
20 44 61
5 31 62
20 43 68
19 36 64
0 29 67
10 40 60
9 36 66
20 39 66
22 45 59
20 27 63
22 40 56
10 29 48
22 30 55
18 31 52
16 25 58
21 25 56
9 39 52
9 23 47
19 42 62
4 41 54
13 31 64
13 44 58
15 26 47
13 25 53
17 42 51
18 42 66
18 27 56
15 33 57
20 40 57
5 23 49
19 25 57
11 25 66
2 40 64
9 34 55
0 35 57
1 28 51
9 38 60
2 31 61
17 40 61
7 38 47
12 43 48
2 36 54
7 44 66
22 39 50
22 29 52
3 25 67
3 42 68
20 41 59
13 30 68
12 36 51
16 33 56
0 38 54
9 37 63
4 39 67
12 23 61
2 34 65
12 25 47
0 24 48
11 24 68
17 45 65
1 43 64
4 45 52
22 35 48
17 36 48
3 39 46
14 32 54
21 28 52
20 28 64
4 24 61
4 27 47
19 27 53
13 27 66
5 24 59
16 34 51
5 28 46
19 28 63
1 26 63
20 45 58
2 24 47
13 36 50
1 27 55
3 31 55
19 34 58
8 35 58
9 28 68
14 27 60
14 35 65
21 40 49
21 43 57
19 41 52
4 38 49
18 26 55
11 29 49
1 41 58
5 45 57
5 25 52
8 45 46
14 23 46
7 29 46
10 34 46
17 32 47
17 44 52
15 38 65
19 31 59
21 35 60
18 33 62
19 30 47
17 34 57
7 40 63
1 24 52
17 29 55
2 33 51
17 31 58
18 36 68
5 40 48
0 44 60
14 26 57
12 41 49
3 26 58
17 43 54
22 32 60
6 39 59
3 35 54
8 41 65
0 39 64
3 44 64
7 30 67
16 44 48
2 43 52
2 38 66
22 44 46
6 34 63
13 32 57
5 26 60
17 24 56
8 39 55
9 27 62
10 36 52
19 38 46
6 45 64
8 42 60
12 30 64
11 42 55
18 41 64
12 42 65
18 45 49
13 35 51
17 25 46
6 41 61
17 28 62
7 35 56
16 42 63
1 39 57
19 40 68
0 43 49
2 23 50
18 28 65
8 30 51
2 29 59
13 24 63
8 27 48
1 25 65
8 37 53
5 33 66
19 29 61
5 29 56
14 34 61
5 43 61
14 29 58
10 30 50
18 37 50
15 44 68
3 45 63
16 31 66
12 26 66
20 23 60
21 42 47
0 40 66
21 34 64
11 27 61
21 27 59
14 31 68
12 45 54
0 33 47
13 34 56
4 33 68
6 32 56
15 35 66
13 37 65
20 42 54
21 29 54
13 40 46
0 42 52
1 45 68
3 43 50
21 23 48
2 30 57
19 24 60
16 26 50
7 39 53
0 31 63
2 28 55
4 35 53
21 31 53
19 26 54
11 31 67
16 24 49
20 32 67
0 30 62
2 25 60
18 25 48
20 30 46
18 44 47
2 32 46
16 39 62
4 31 57
0 25 55
5 36 58
6 27 52
16 30 59
10 44 57
17 27 67
12 38 50
9 33 46
12 34 52
14 45 47
5 30 65
10 31 49
17 23 63
6 24 58
19 35 55
10 42 53
3 33 52
22 42 58
2 37 48
1 35 47
13 39 61
22 34 47
6 31 54
22 33 63
11 38 52
12 33 58
21 36 62
9 26 67
13 26 62
17 33 50
5 44 53
18 35 61
9 32 53
0 41 68
7 23 54
13 23 52
7 27 49
19 23 56
15 37 58
18 39 60
22 37 51
7 33 48
5 32 55
4 25 51
2 26 49
2 44 63
11 28 54
16 43 47
3 30 56
11 33 60
14 42 67
8 28 57
11 34 50
3 37 49
17 37 64
5 41 67
12 39 56
13 43 60
5 39 68
22 38 53
18 30 63
7 28 58
12 27 57
7 45 55
22 27 64
6 36 55
15 30 54
19 43 51
3 34 60
2 35 67
10 32 68
12 44 59
18 23 59
14 24 53
0 28 53
1 30 61
14 36 49
1 36 46
9 45 48
14 43 56
19 44 65
2 39 58
6 26 48
15 24 55
9 29 65
3 27 65
11 40 53
1 44 62
12 35 63
16 45 60
11 43 65
9 30 49
14 40 59
15 28 61
4 37 59
8 31 47
0 26 46
11 26 59
18 29 57
16 37 55
3 23 57
16 27 54
3 28 48
22 23 62
6 37 60
3 36 61
20 36 47
7 26 52
16 28 67
3 40 47
6 28 47
16 38 57
16 35 52
9 35 64
14 25 62
6 40 50
15 39 51
21 38 67
14 28 50
4 29 63
8 32 52
3 38 51
15 32 49
8 25 54
7 24 50
8 24 64
12 29 53
21 37 46
6 44 67
7 43 59
22 43 66
17 26 53
22 25 68
10 28 66
20 38 55
2 42 56
15 42 48
6 25 49
13 28 59
3 32 59
15 34 53
22 36 67
18 43 53
4 28 56
1 42 50
6 35 62
19 45 66
22 26 61
11 41 51
2 27 68
13 45 67
21 33 61
3 29 66
15 40 52
6 38 68
17 41 66
10 39 54
10 26 51
11 44 56
6 30 53
16 23 64
14 33 55
5 38 63
10 45 56
16 41 46
5 42 64
14 37 66
10 23 55
15 31 60
18 34 67
5 35 50
21 30 58
20 37 52
19 33 49
15 43 62
17 38 59
10 27 58
1 32 66
13 29 47
20 31 56
6 29 51
0 45 61
7 37 62
3 24 62
10 25 63
13 41 55
9 40 51
16 40 65
6 43 46
11 35 46
1 29 60
14 44 51
22 41 57
1 33 59
15 36 56
10 37 61
9 31 50
7 34 68
12 31 46
20 29 62
8 33 67
4 30 66
22 24 54
14 38 64
1 31 48
7 41 60
12 24 67
7 32 65
10 43 67
6 42 57
16 29 68
14 39 63
0 34 59
10 38 62
9 25 61
5 27 51
0 27 50
21 44 55
4 43 55
12 32 62
22 31 65
0 37 56
18 24 46
8 44 49
9 24 57
10 41 47
6 23 66
5 37 47
21 45 51
10 33 64
7 36 57
19 39 48
17 30 60
8 23 68
1 37 54
4 44 50
9 44 54
17 35 68
21 32 63
0 32 58
15 23 67
7 25 64
8 38 61
11 45 62
20 34 48
11 23 58
4 40 58
9 41 56
11 39 47
9 42 59
20 24 51
17 39 49
8 36 59
12 28 60
6 33 65
11 37 57
4 32 48
8 29 50
16 36 53
12 40 55
11 30 48
10 24 65
21 41 50
15 45 50
15 41 63
0 36 65
11 32 64
2 45 53
4 42 46
13 33 54
22 28 49
14 30 52
21 24 66
8 26 56
21 39 65
13 42 49
1 23 53
13 38 48
5 34 54
8 43 63
2 41 62
15 29 64
20 35 49
3 41 53
9 43 58
19 37 67
20 33 53
10 35 59
1 38 56
1 40 67
18 40 54
15 25 59
4 23 65
19 32 50
20 26 65
11 36 63
8 40 62
4 36 60
1 34 49
8 34 66
4 34 62
